<?xml version="1.0" encoding="UTF-8" ?>
<testsuite errors="0" failures="1" hostname="Todds-MacBook-Pro.local" name="BeerCounterTest" tests="2" time="2.462" timestamp="2012-01-11T17:01:33">
  <properties>
[...]
</properties>
  <testcase classname="BeerCounterTest" name="testJavaConfiguration" time="2.118" />
  <testcase classname="BeerCounterTest" name="testRubyConfiguration" time="0.297">
    <failure message="expected:&lt;1&gt; but was:&lt;2&gt;" type="junit.framework.AssertionFailedError">junit.framework.AssertionFailedError: expected:&lt;1&gt; but was:&lt;2&gt;
	at BeerCounterTest.testRubyConfiguration(BeerCounterTest.java:25)
</failure>
  </testcase>
  <system-out><![CDATA[]]></system-out>
  <system-err><![CDATA[Jan 11, 2012 12:01:33 PM org.springframework.context.support.AbstractApplicationContext prepareRefresh
INFO: Refreshing org.springframework.context.support.ClassPathXmlApplicationContext@e60e128: startup date [Wed Jan 11 12:01:33 EST 2012]; root of context hierarchy
Jan 11, 2012 12:01:33 PM org.springframework.beans.factory.xml.XmlBeanDefinitionReader loadBeanDefinitions
INFO: Loading XML bean definitions from class path resource [applicationContext.xml]
Jan 11, 2012 12:01:34 PM org.springframework.beans.factory.support.DefaultListableBeanFactory preInstantiateSingletons
INFO: Pre-instantiating singletons in org.springframework.beans.factory.support.DefaultListableBeanFactory@63cd66ea: defining beans [messageHandler,beerCounter,org.springframework.scripting.config.scriptFactoryPostProcessor,rubyBeerCounter,rubyHandler]; root of factory hierarchy
Jan 11, 2012 12:01:35 PM org.springframework.context.support.AbstractApplicationContext prepareRefresh
INFO: Refreshing org.springframework.context.support.ClassPathXmlApplicationContext@6001ef4b: startup date [Wed Jan 11 12:01:35 EST 2012]; root of context hierarchy
Jan 11, 2012 12:01:35 PM org.springframework.beans.factory.xml.XmlBeanDefinitionReader loadBeanDefinitions
INFO: Loading XML bean definitions from class path resource [applicationContext.xml]
Jan 11, 2012 12:01:36 PM org.springframework.beans.factory.support.DefaultListableBeanFactory preInstantiateSingletons
INFO: Pre-instantiating singletons in org.springframework.beans.factory.support.DefaultListableBeanFactory@7ddc6a9d: defining beans [messageHandler,beerCounter,org.springframework.scripting.config.scriptFactoryPostProcessor,rubyBeerCounter,rubyHandler]; root of factory hierarchy
]]></system-err>
</testsuite>
