<?xml version="1.0" encoding="UTF-8" ?>
<testsuite errors="0" failures="0" hostname="Todds-MacBook-Pro.local" name="org.springframework.samples.petclinic.jpa.OpenJpaEntityManagerClinicTests" tests="13" time="1.564" timestamp="2012-01-01T17:35:12">
  <properties>
[...]
</properties>
  <testcase classname="org.springframework.samples.petclinic.jpa.OpenJpaEntityManagerClinicTests" name="testUsageLogAspectIsInvoked" time="1.366" />
  <testcase classname="org.springframework.samples.petclinic.jpa.OpenJpaEntityManagerClinicTests" name="testBogusJpql" time="0.0070" />
  <testcase classname="org.springframework.samples.petclinic.jpa.OpenJpaEntityManagerClinicTests" name="testApplicationManaged" time="0.0050" />
  <testcase classname="org.springframework.samples.petclinic.jpa.OpenJpaEntityManagerClinicTests" name="testGetVets" time="0.057" />
  <testcase classname="org.springframework.samples.petclinic.jpa.OpenJpaEntityManagerClinicTests" name="testGetPetTypes" time="0.0050" />
  <testcase classname="org.springframework.samples.petclinic.jpa.OpenJpaEntityManagerClinicTests" name="testFindOwners" time="0.012" />
  <testcase classname="org.springframework.samples.petclinic.jpa.OpenJpaEntityManagerClinicTests" name="testLoadOwner" time="0.0080" />
  <testcase classname="org.springframework.samples.petclinic.jpa.OpenJpaEntityManagerClinicTests" name="testInsertOwner" time="0.024" />
  <testcase classname="org.springframework.samples.petclinic.jpa.OpenJpaEntityManagerClinicTests" name="testUpdateOwner" time="0.0060" />
  <testcase classname="org.springframework.samples.petclinic.jpa.OpenJpaEntityManagerClinicTests" name="testLoadPet" time="0.019" />
  <testcase classname="org.springframework.samples.petclinic.jpa.OpenJpaEntityManagerClinicTests" name="testInsertPet" time="0.018" />
  <testcase classname="org.springframework.samples.petclinic.jpa.OpenJpaEntityManagerClinicTests" name="testUpdatePet" time="0.013" />
  <testcase classname="org.springframework.samples.petclinic.jpa.OpenJpaEntityManagerClinicTests" name="testInsertVisit" time="0.016" />
  <system-out><![CDATA[]]></system-out>
  <system-err><![CDATA[208  PetClinic  WARN   [main] openjpa.MetaData - No setter was found for method new in type org.springframework.samples.petclinic.BaseEntity while searching for persistent properties. This method will be ignored. If you intended for this to be persistent, please add a corresponding setter, or switch to field access for this type hierarchy.
214  PetClinic  WARN   [main] openjpa.MetaData - No setter was found for method nrOfSpecialties in type org.springframework.samples.petclinic.Vet while searching for persistent properties. This method will be ignored. If you intended for this to be persistent, please add a corresponding setter, or switch to field access for this type hierarchy.
214  PetClinic  WARN   [main] openjpa.MetaData - No setter was found for method specialties in type org.springframework.samples.petclinic.Vet while searching for persistent properties. This method will be ignored. If you intended for this to be persistent, please add a corresponding setter, or switch to field access for this type hierarchy.
216  PetClinic  WARN   [main] openjpa.MetaData - No setter was found for method pets in type org.springframework.samples.petclinic.Owner while searching for persistent properties. This method will be ignored. If you intended for this to be persistent, please add a corresponding setter, or switch to field access for this type hierarchy.
217  PetClinic  WARN   [main] openjpa.MetaData - No setter was found for method visits in type org.springframework.samples.petclinic.Pet while searching for persistent properties. This method will be ignored. If you intended for this to be persistent, please add a corresponding setter, or switch to field access for this type hierarchy.
240  PetClinic  WARN   [main] openjpa.Enhance - Detected the following possible violations of the restrictions placed on property access persistent types:
"org.springframework.samples.petclinic.Owner" uses property access, but its field "city" is accessed directly in method "toString" defined in "org.springframework.samples.petclinic.Owner".
"org.springframework.samples.petclinic.Owner" uses property access, but its field "telephone" is accessed directly in method "toString" defined in "org.springframework.samples.petclinic.Owner".
"org.springframework.samples.petclinic.Owner" uses property access, but its field "address" is accessed directly in method "toString" defined in "org.springframework.samples.petclinic.Owner".
266  PetClinic  WARN   [main] openjpa.Enhance - Detected the following possible violations of the restrictions placed on property access persistent types:
"org.springframework.samples.petclinic.BaseEntity" uses property access, but its field "id" is accessed directly in method "isNew" defined in "org.springframework.samples.petclinic.BaseEntity".
352  PetClinic  INFO   [main] openjpa.Runtime - Starting OpenJPA 1.1.0
653  PetClinic  TRACE  [main] openjpa.jdbc.SQL - <t 561266676, conn 1018051067> executing prepstmnt 18204363 SELECT t0.id, t0.FIRST_NAME, t0.LAST_NAME, t0.address, t0.city, t0.telephone FROM owners t0 WHERE (t0.LAST_NAME LIKE ? ESCAPE '\') [params=(String) Schuurman%]
663  PetClinic  TRACE  [main] openjpa.jdbc.SQL - <t 561266676, conn 1018051067> [10 ms] spent
668  PetClinic  TRACE  [main] openjpa.jdbc.SQL - <t 561266676, conn 1018051067> executing prepstmnt 393577246 SELECT t0.id, t1.id, t1.NAME, t1.BIRTH_DATE, t2.id, t2.NAME FROM owners t0 INNER JOIN pets t1 ON t0.id = t1.OWNER_ID LEFT OUTER JOIN types t2 ON t1.TYPE_ID = t2.id WHERE (t0.LAST_NAME LIKE ? ESCAPE '\') ORDER BY t0.id ASC [params=(String) Schuurman%]
668  PetClinic  TRACE  [main] openjpa.jdbc.SQL - <t 561266676, conn 1018051067> [0 ms] spent
669  PetClinic  TRACE  [main] openjpa.jdbc.SQL - <t 561266676, conn 1018051067> executing prepstmnt 603140762 SELECT DISTINCT t1.id, t2.id, t2.VISIT_DATE, t2.description FROM owners t0 INNER JOIN pets t1 ON t0.id = t1.OWNER_ID INNER JOIN visits t2 ON t1.id = t2.PET_ID WHERE (t0.LAST_NAME LIKE ? ESCAPE '\') ORDER BY t1.id ASC [params=(String) Schuurman%]
669  PetClinic  TRACE  [main] openjpa.jdbc.SQL - <t 561266676, conn 1018051067> [0 ms] spent
672  PetClinic  TRACE  [main] openjpa.jdbc.SQL - <t 561266676, conn 1018051067> executing prepstmnt 1162670521 SELECT t0.id, t0.FIRST_NAME, t0.LAST_NAME, t0.address, t0.city, t0.telephone FROM owners t0 WHERE (t0.LAST_NAME LIKE ? ESCAPE '\') [params=(String) Greenwood%]
672  PetClinic  TRACE  [main] openjpa.jdbc.SQL - <t 561266676, conn 1018051067> [0 ms] spent
672  PetClinic  TRACE  [main] openjpa.jdbc.SQL - <t 561266676, conn 1018051067> executing prepstmnt 1049742394 SELECT t0.id, t1.id, t1.NAME, t1.BIRTH_DATE, t2.id, t2.NAME FROM owners t0 INNER JOIN pets t1 ON t0.id = t1.OWNER_ID LEFT OUTER JOIN types t2 ON t1.TYPE_ID = t2.id WHERE (t0.LAST_NAME LIKE ? ESCAPE '\') ORDER BY t0.id ASC [params=(String) Greenwood%]
672  PetClinic  TRACE  [main] openjpa.jdbc.SQL - <t 561266676, conn 1018051067> [0 ms] spent
673  PetClinic  TRACE  [main] openjpa.jdbc.SQL - <t 561266676, conn 1018051067> executing prepstmnt 1442255853 SELECT DISTINCT t1.id, t2.id, t2.VISIT_DATE, t2.description FROM owners t0 INNER JOIN pets t1 ON t0.id = t1.OWNER_ID INNER JOIN visits t2 ON t1.id = t2.PET_ID WHERE (t0.LAST_NAME LIKE ? ESCAPE '\') ORDER BY t1.id ASC [params=(String) Greenwood%]
673  PetClinic  TRACE  [main] openjpa.jdbc.SQL - <t 561266676, conn 1018051067> [0 ms] spent
695  PetClinic  TRACE  [main] openjpa.jdbc.SQL - <t 561266676, conn 1018051067> executing prepstmnt 1610376005 SELECT t0.id, t0.FIRST_NAME, t0.LAST_NAME FROM vets t0 ORDER BY t0.LAST_NAME ASC, t0.FIRST_NAME ASC
696  PetClinic  TRACE  [main] openjpa.jdbc.SQL - <t 561266676, conn 1018051067> [1 ms] spent
696  PetClinic  TRACE  [main] openjpa.jdbc.SQL - <t 561266676, conn 1018051067> executing prepstmnt 853112894 SELECT t0.id, t2.id, t2.NAME FROM vets t0 INNER JOIN vet_specialties t1 ON t0.id = t1.VET_ID INNER JOIN specialties t2 ON t1.SPECIALTY_ID = t2.id ORDER BY t0.id ASC
696  PetClinic  TRACE  [main] openjpa.jdbc.SQL - <t 561266676, conn 1018051067> [0 ms] spent
727  PetClinic  TRACE  [main] openjpa.jdbc.SQL - <t 561266676, conn 1018051067> executing stmnt 407672928 SELECT COUNT(0) FROM vets
728  PetClinic  TRACE  [main] openjpa.jdbc.SQL - <t 561266676, conn 1018051067> [1 ms] spent
748  PetClinic  TRACE  [main] openjpa.jdbc.SQL - <t 561266676, conn 1018051067> executing prepstmnt 1467296746 SELECT t0.id, t0.NAME FROM types t0 ORDER BY t0.NAME ASC
748  PetClinic  TRACE  [main] openjpa.jdbc.SQL - <t 561266676, conn 1018051067> [0 ms] spent
748  PetClinic  TRACE  [main] openjpa.jdbc.SQL - <t 561266676, conn 1018051067> executing stmnt 1113481458 SELECT COUNT(0) FROM types
748  PetClinic  TRACE  [main] openjpa.jdbc.SQL - <t 561266676, conn 1018051067> [0 ms] spent
752  PetClinic  TRACE  [main] openjpa.jdbc.SQL - <t 561266676, conn 1018051067> executing prepstmnt 1832998523 SELECT t0.id, t0.FIRST_NAME, t0.LAST_NAME, t0.address, t0.city, t0.telephone FROM owners t0 WHERE (t0.LAST_NAME LIKE ? ESCAPE '\') [params=(String) Davis%]
752  PetClinic  TRACE  [main] openjpa.jdbc.SQL - <t 561266676, conn 1018051067> [0 ms] spent
753  PetClinic  TRACE  [main] openjpa.jdbc.SQL - <t 561266676, conn 1018051067> executing prepstmnt 1553259846 SELECT t0.id, t1.id, t1.NAME, t1.BIRTH_DATE, t2.id, t2.NAME FROM owners t0 INNER JOIN pets t1 ON t0.id = t1.OWNER_ID LEFT OUTER JOIN types t2 ON t1.TYPE_ID = t2.id WHERE (t0.LAST_NAME LIKE ? ESCAPE '\') ORDER BY t0.id ASC [params=(String) Davis%]
753  PetClinic  TRACE  [main] openjpa.jdbc.SQL - <t 561266676, conn 1018051067> [0 ms] spent
753  PetClinic  TRACE  [main] openjpa.jdbc.SQL - <t 561266676, conn 1018051067> executing prepstmnt 827018790 SELECT DISTINCT t1.id, t2.id, t2.VISIT_DATE, t2.description FROM owners t0 INNER JOIN pets t1 ON t0.id = t1.OWNER_ID INNER JOIN visits t2 ON t1.id = t2.PET_ID WHERE (t0.LAST_NAME LIKE ? ESCAPE '\') ORDER BY t1.id ASC [params=(String) Davis%]
753  PetClinic  TRACE  [main] openjpa.jdbc.SQL - <t 561266676, conn 1018051067> [0 ms] spent
756  PetClinic  TRACE  [main] openjpa.jdbc.SQL - <t 561266676, conn 1018051067> executing prepstmnt 293499601 SELECT t1.id, t1.FIRST_NAME, t1.LAST_NAME, t1.address, t1.city, t1.telephone FROM pets t0 INNER JOIN owners t1 ON t0.OWNER_ID = t1.id WHERE t0.id = ? [params=(int) 2]
756  PetClinic  TRACE  [main] openjpa.jdbc.SQL - <t 561266676, conn 1018051067> [0 ms] spent
757  PetClinic  TRACE  [main] openjpa.jdbc.SQL - <t 561266676, conn 1018051067> executing prepstmnt 722503313 SELECT t1.id, t1.FIRST_NAME, t1.LAST_NAME, t1.address, t1.city, t1.telephone FROM pets t0 INNER JOIN owners t1 ON t0.OWNER_ID = t1.id WHERE t0.id = ? [params=(int) 5]
757  PetClinic  TRACE  [main] openjpa.jdbc.SQL - <t 561266676, conn 1018051067> [0 ms] spent
760  PetClinic  TRACE  [main] openjpa.jdbc.SQL - <t 561266676, conn 1018051067> executing prepstmnt 1146390297 SELECT t0.id, t0.FIRST_NAME, t0.LAST_NAME, t0.address, t0.city, t0.telephone FROM owners t0 WHERE (t0.LAST_NAME LIKE ? ESCAPE '\') [params=(String) Daviss%]
760  PetClinic  TRACE  [main] openjpa.jdbc.SQL - <t 561266676, conn 1018051067> [0 ms] spent
760  PetClinic  TRACE  [main] openjpa.jdbc.SQL - <t 561266676, conn 1018051067> executing prepstmnt 158440795 SELECT t0.id, t1.id, t1.NAME, t1.BIRTH_DATE, t2.id, t2.NAME FROM owners t0 INNER JOIN pets t1 ON t0.id = t1.OWNER_ID LEFT OUTER JOIN types t2 ON t1.TYPE_ID = t2.id WHERE (t0.LAST_NAME LIKE ? ESCAPE '\') ORDER BY t0.id ASC [params=(String) Daviss%]
760  PetClinic  TRACE  [main] openjpa.jdbc.SQL - <t 561266676, conn 1018051067> [0 ms] spent
761  PetClinic  TRACE  [main] openjpa.jdbc.SQL - <t 561266676, conn 1018051067> executing prepstmnt 34719285 SELECT DISTINCT t1.id, t2.id, t2.VISIT_DATE, t2.description FROM owners t0 INNER JOIN pets t1 ON t0.id = t1.OWNER_ID INNER JOIN visits t2 ON t1.id = t2.PET_ID WHERE (t0.LAST_NAME LIKE ? ESCAPE '\') ORDER BY t1.id ASC [params=(String) Daviss%]
761  PetClinic  TRACE  [main] openjpa.jdbc.SQL - <t 561266676, conn 1018051067> [0 ms] spent
765  PetClinic  TRACE  [main] openjpa.jdbc.SQL - <t 561266676, conn 1018051067> executing prepstmnt 845019938 SELECT t0.FIRST_NAME, t0.LAST_NAME, t0.address, t0.city, t0.telephone, t1.OWNER_ID, t1.id, t1.NAME, t1.BIRTH_DATE, t2.id, t2.NAME FROM owners t0 LEFT OUTER JOIN pets t1 ON t0.id = t1.OWNER_ID LEFT OUTER JOIN types t2 ON t1.TYPE_ID = t2.id WHERE t0.id = ? ORDER BY t1.OWNER_ID ASC [params=(int) 1]
765  PetClinic  TRACE  [main] openjpa.jdbc.SQL - <t 561266676, conn 1018051067> [0 ms] spent
766  PetClinic  TRACE  [main] openjpa.jdbc.SQL - <t 561266676, conn 1018051067> executing prepstmnt 1248537271 SELECT t0.id, t0.VISIT_DATE, t0.description FROM visits t0 WHERE t0.PET_ID = ? [params=(int) 1]
766  PetClinic  TRACE  [main] openjpa.jdbc.SQL - <t 561266676, conn 1018051067> [0 ms] spent
767  PetClinic  TRACE  [main] openjpa.jdbc.SQL - <t 561266676, conn 1018051067> executing prepstmnt 89431822 SELECT t0.FIRST_NAME, t0.LAST_NAME, t0.address, t0.city, t0.telephone, t1.OWNER_ID, t1.id, t1.NAME, t1.BIRTH_DATE, t2.id, t2.NAME FROM owners t0 LEFT OUTER JOIN pets t1 ON t0.id = t1.OWNER_ID LEFT OUTER JOIN types t2 ON t1.TYPE_ID = t2.id WHERE t0.id = ? ORDER BY t1.OWNER_ID ASC [params=(int) 10]
767  PetClinic  TRACE  [main] openjpa.jdbc.SQL - <t 561266676, conn 1018051067> [0 ms] spent
768  PetClinic  TRACE  [main] openjpa.jdbc.SQL - <t 561266676, conn 1018051067> executing prepstmnt 1989563101 SELECT t0.id, t0.VISIT_DATE, t0.description FROM visits t0 WHERE t0.PET_ID = ? [params=(int) 12]
768  PetClinic  TRACE  [main] openjpa.jdbc.SQL - <t 561266676, conn 1018051067> [0 ms] spent
769  PetClinic  TRACE  [main] openjpa.jdbc.SQL - <t 561266676, conn 1018051067> executing prepstmnt 1453414486 SELECT t0.id, t0.VISIT_DATE, t0.description FROM visits t0 WHERE t0.PET_ID = ? [params=(int) 13]
769  PetClinic  TRACE  [main] openjpa.jdbc.SQL - <t 561266676, conn 1018051067> [0 ms] spent
773  PetClinic  TRACE  [main] openjpa.jdbc.SQL - <t 561266676, conn 1018051067> executing prepstmnt 1491308462 SELECT t0.id, t0.FIRST_NAME, t0.LAST_NAME, t0.address, t0.city, t0.telephone FROM owners t0 WHERE (t0.LAST_NAME LIKE ? ESCAPE '\') [params=(String) Schultz%]
773  PetClinic  TRACE  [main] openjpa.jdbc.SQL - <t 561266676, conn 1018051067> [0 ms] spent
774  PetClinic  TRACE  [main] openjpa.jdbc.SQL - <t 561266676, conn 1018051067> executing prepstmnt 1139676697 SELECT t0.id, t1.id, t1.NAME, t1.BIRTH_DATE, t2.id, t2.NAME FROM owners t0 INNER JOIN pets t1 ON t0.id = t1.OWNER_ID LEFT OUTER JOIN types t2 ON t1.TYPE_ID = t2.id WHERE (t0.LAST_NAME LIKE ? ESCAPE '\') ORDER BY t0.id ASC [params=(String) Schultz%]
774  PetClinic  TRACE  [main] openjpa.jdbc.SQL - <t 561266676, conn 1018051067> [0 ms] spent
774  PetClinic  TRACE  [main] openjpa.jdbc.SQL - <t 561266676, conn 1018051067> executing prepstmnt 1139598886 SELECT DISTINCT t1.id, t2.id, t2.VISIT_DATE, t2.description FROM owners t0 INNER JOIN pets t1 ON t0.id = t1.OWNER_ID INNER JOIN visits t2 ON t1.id = t2.PET_ID WHERE (t0.LAST_NAME LIKE ? ESCAPE '\') ORDER BY t1.id ASC [params=(String) Schultz%]
774  PetClinic  TRACE  [main] openjpa.jdbc.SQL - <t 561266676, conn 1018051067> [0 ms] spent
779  PetClinic  TRACE  [main] openjpa.jdbc.SQL - <t 561266676, conn 1018051067> executing prepstmnt 494621160 SELECT t0.id, t0.VISIT_DATE, t0.description, t1.id, t1.NAME, t1.BIRTH_DATE, t2.id, t2.FIRST_NAME, t2.LAST_NAME, t2.address, t2.city, t2.telephone, t3.id, t3.NAME FROM visits t0 LEFT OUTER JOIN pets t1 ON t0.PET_ID = t1.id LEFT OUTER JOIN owners t2 ON t1.OWNER_ID = t2.id LEFT OUTER JOIN types t3 ON t1.TYPE_ID = t3.id WHERE t0.id = ? [params=(int) 0]
779  PetClinic  TRACE  [main] openjpa.jdbc.SQL - <t 561266676, conn 1018051067> [0 ms] spent
780  PetClinic  TRACE  [main] openjpa.jdbc.SQL - <t 561266676, conn 1018051067> executing prepstmnt 188638583 SELECT t0.id, t0.FIRST_NAME, t0.LAST_NAME, t0.address, t0.city, t0.telephone FROM owners t0 WHERE t0.id = ? [params=(int) 0]
780  PetClinic  TRACE  [main] openjpa.jdbc.SQL - <t 561266676, conn 1018051067> [0 ms] spent
780  PetClinic  TRACE  [main] openjpa.jdbc.SQL - <t 561266676, conn 1018051067> executing prepstmnt 762801509 SELECT t0.id, t0.NAME, t0.BIRTH_DATE, t1.id, t1.FIRST_NAME, t1.LAST_NAME, t1.address, t1.city, t1.telephone, t2.id, t2.NAME FROM pets t0 LEFT OUTER JOIN owners t1 ON t0.OWNER_ID = t1.id LEFT OUTER JOIN types t2 ON t0.TYPE_ID = t2.id WHERE t0.id = ? [params=(int) 0]
780  PetClinic  TRACE  [main] openjpa.jdbc.SQL - <t 561266676, conn 1018051067> [0 ms] spent
781  PetClinic  TRACE  [main] openjpa.jdbc.SQL - <t 561266676, conn 1018051067> executing prepstmnt 2075072820 SELECT t0.id, t0.NAME FROM types t0 WHERE t0.id = ? [params=(int) 0]
781  PetClinic  TRACE  [main] openjpa.jdbc.SQL - <t 561266676, conn 1018051067> [0 ms] spent
781  PetClinic  TRACE  [main] openjpa.jdbc.SQL - <t 561266676, conn 1018051067> executing prepstmnt 614458460 SELECT t0.id, t0.NAME FROM specialties t0 WHERE t0.id = ? [params=(int) 0]
781  PetClinic  TRACE  [main] openjpa.jdbc.SQL - <t 561266676, conn 1018051067> [0 ms] spent
781  PetClinic  TRACE  [main] openjpa.jdbc.SQL - <t 561266676, conn 1018051067> executing prepstmnt 2101962444 SELECT t0.id, t0.FIRST_NAME, t0.LAST_NAME FROM vets t0 WHERE t0.id = ? [params=(int) 0]
781  PetClinic  TRACE  [main] openjpa.jdbc.SQL - <t 561266676, conn 1018051067> [0 ms] spent
789  PetClinic  TRACE  [main] openjpa.jdbc.SQL - <t 561266676, conn 1018051067> executing prepstmnt 1901749478 INSERT INTO owners (FIRST_NAME, LAST_NAME, address, city, telephone) VALUES (?, ?, ?, ?, ?) [params=(null) null, (String) Schultz, (null) null, (null) null, (null) null]
789  PetClinic  TRACE  [main] openjpa.jdbc.SQL - <t 561266676, conn 1018051067> [0 ms] spent
790  PetClinic  TRACE  [main] openjpa.jdbc.SQL - <t 561266676, conn 1018051067> executing prepstmnt 1704358445 CALL IDENTITY()
790  PetClinic  TRACE  [main] openjpa.jdbc.SQL - <t 561266676, conn 1018051067> [0 ms] spent
792  PetClinic  TRACE  [main] openjpa.jdbc.SQL - <t 561266676, conn 1018051067> executing prepstmnt 125469425 SELECT t0.id, t0.FIRST_NAME, t0.LAST_NAME, t0.address, t0.city, t0.telephone FROM owners t0 WHERE (t0.LAST_NAME LIKE ? ESCAPE '\') [params=(String) Schultz%]
792  PetClinic  TRACE  [main] openjpa.jdbc.SQL - <t 561266676, conn 1018051067> [0 ms] spent
792  PetClinic  TRACE  [main] openjpa.jdbc.SQL - <t 561266676, conn 1018051067> executing prepstmnt 2083168268 SELECT t0.id, t1.id, t1.NAME, t1.BIRTH_DATE, t2.id, t2.NAME FROM owners t0 INNER JOIN pets t1 ON t0.id = t1.OWNER_ID LEFT OUTER JOIN types t2 ON t1.TYPE_ID = t2.id WHERE (t0.LAST_NAME LIKE ? ESCAPE '\') ORDER BY t0.id ASC [params=(String) Schultz%]
792  PetClinic  TRACE  [main] openjpa.jdbc.SQL - <t 561266676, conn 1018051067> [0 ms] spent
793  PetClinic  TRACE  [main] openjpa.jdbc.SQL - <t 561266676, conn 1018051067> executing prepstmnt 1383183235 SELECT DISTINCT t1.id, t2.id, t2.VISIT_DATE, t2.description FROM owners t0 INNER JOIN pets t1 ON t0.id = t1.OWNER_ID INNER JOIN visits t2 ON t1.id = t2.PET_ID WHERE (t0.LAST_NAME LIKE ? ESCAPE '\') ORDER BY t1.id ASC [params=(String) Schultz%]
793  PetClinic  TRACE  [main] openjpa.jdbc.SQL - <t 561266676, conn 1018051067> [0 ms] spent
797  PetClinic  TRACE  [main] openjpa.jdbc.SQL - <t 561266676, conn 1018051067> executing prepstmnt 955386212 SELECT t0.FIRST_NAME, t0.LAST_NAME, t0.address, t0.city, t0.telephone, t1.OWNER_ID, t1.id, t1.NAME, t1.BIRTH_DATE, t2.id, t2.NAME FROM owners t0 LEFT OUTER JOIN pets t1 ON t0.id = t1.OWNER_ID LEFT OUTER JOIN types t2 ON t1.TYPE_ID = t2.id WHERE t0.id = ? ORDER BY t1.OWNER_ID ASC [params=(int) 1]
797  PetClinic  TRACE  [main] openjpa.jdbc.SQL - <t 561266676, conn 1018051067> [0 ms] spent
798  PetClinic  TRACE  [main] openjpa.jdbc.SQL - <t 561266676, conn 1018051067> executing prepstmnt 440836465 SELECT t0.id, t0.VISIT_DATE, t0.description FROM visits t0 WHERE t0.PET_ID = ? [params=(int) 1]
798  PetClinic  TRACE  [main] openjpa.jdbc.SQL - <t 561266676, conn 1018051067> [0 ms] spent
799  PetClinic  TRACE  [main] openjpa.jdbc.SQL - <t 561266676, conn 1018051067> executing prepstmnt 1306950875 UPDATE owners SET LAST_NAME = ? WHERE id = ? [params=(String) FranklinX, (int) 1]
800  PetClinic  TRACE  [main] openjpa.jdbc.SQL - <t 561266676, conn 1018051067> [1 ms] spent
803  PetClinic  TRACE  [main] openjpa.jdbc.SQL - <t 561266676, conn 1018051067> executing prepstmnt 1541199005 SELECT t0.id, t0.NAME FROM types t0 ORDER BY t0.NAME ASC
803  PetClinic  TRACE  [main] openjpa.jdbc.SQL - <t 561266676, conn 1018051067> [0 ms] spent
805  PetClinic  TRACE  [main] openjpa.jdbc.SQL - <t 561266676, conn 1018051067> executing prepstmnt 442700769 SELECT t0.NAME, t0.BIRTH_DATE, t1.id, t1.FIRST_NAME, t1.LAST_NAME, t1.address, t1.city, t1.telephone, t2.id, t2.NAME, t3.PET_ID, t3.id, t3.VISIT_DATE, t3.description FROM pets t0 LEFT OUTER JOIN owners t1 ON t0.OWNER_ID = t1.id LEFT OUTER JOIN types t2 ON t0.TYPE_ID = t2.id LEFT OUTER JOIN visits t3 ON t0.id = t3.PET_ID WHERE t0.id = ? ORDER BY t3.PET_ID ASC [params=(int) 7]
806  PetClinic  TRACE  [main] openjpa.jdbc.SQL - <t 561266676, conn 1018051067> [1 ms] spent
807  PetClinic  TRACE  [main] openjpa.jdbc.SQL - <t 561266676, conn 1018051067> executing prepstmnt 1588471375 SELECT t0.id, t0.NAME, t0.BIRTH_DATE, t1.id, t1.NAME FROM pets t0 LEFT OUTER JOIN types t1 ON t0.TYPE_ID = t1.id WHERE t0.OWNER_ID = ? [params=(int) 6]
807  PetClinic  TRACE  [main] openjpa.jdbc.SQL - <t 561266676, conn 1018051067> [0 ms] spent
807  PetClinic  TRACE  [main] openjpa.jdbc.SQL - <t 561266676, conn 1018051067> executing prepstmnt 2069183768 SELECT t0.id, t1.id, t1.VISIT_DATE, t1.description FROM pets t0 INNER JOIN visits t1 ON t0.id = t1.PET_ID WHERE t0.OWNER_ID = ? ORDER BY t0.id ASC [params=(int) 6]
807  PetClinic  TRACE  [main] openjpa.jdbc.SQL - <t 561266676, conn 1018051067> [0 ms] spent
809  PetClinic  TRACE  [main] openjpa.jdbc.SQL - <t 561266676, conn 1018051067> executing prepstmnt 224331400 SELECT t1.id, t1.NAME, t1.BIRTH_DATE, t2.id, t2.FIRST_NAME, t2.LAST_NAME, t2.address, t2.city, t2.telephone, t3.id, t3.NAME FROM visits t0 INNER JOIN pets t1 ON t0.PET_ID = t1.id LEFT OUTER JOIN owners t2 ON t1.OWNER_ID = t2.id LEFT OUTER JOIN types t3 ON t1.TYPE_ID = t3.id WHERE t0.id = ? [params=(int) 1]
809  PetClinic  TRACE  [main] openjpa.jdbc.SQL - <t 561266676, conn 1018051067> [0 ms] spent
811  PetClinic  TRACE  [main] openjpa.jdbc.SQL - <t 561266676, conn 1018051067> executing prepstmnt 358758368 SELECT t1.id, t1.NAME, t1.BIRTH_DATE, t2.id, t2.FIRST_NAME, t2.LAST_NAME, t2.address, t2.city, t2.telephone, t3.id, t3.NAME FROM visits t0 INNER JOIN pets t1 ON t0.PET_ID = t1.id LEFT OUTER JOIN owners t2 ON t1.OWNER_ID = t2.id LEFT OUTER JOIN types t3 ON t1.TYPE_ID = t3.id WHERE t0.id = ? [params=(int) 4]
811  PetClinic  TRACE  [main] openjpa.jdbc.SQL - <t 561266676, conn 1018051067> [0 ms] spent
813  PetClinic  TRACE  [main] openjpa.jdbc.SQL - <t 561266676, conn 1018051067> executing prepstmnt 439315178 SELECT t1.id, t1.NAME, t1.BIRTH_DATE, t2.id, t2.FIRST_NAME, t2.LAST_NAME, t2.address, t2.city, t2.telephone, t3.id, t3.NAME FROM visits t0 INNER JOIN pets t1 ON t0.PET_ID = t1.id LEFT OUTER JOIN owners t2 ON t1.OWNER_ID = t2.id LEFT OUTER JOIN types t3 ON t1.TYPE_ID = t3.id WHERE t0.id = ? [params=(int) 2]
813  PetClinic  TRACE  [main] openjpa.jdbc.SQL - <t 561266676, conn 1018051067> [0 ms] spent
814  PetClinic  TRACE  [main] openjpa.jdbc.SQL - <t 561266676, conn 1018051067> executing prepstmnt 1743416060 SELECT t1.id, t1.NAME, t1.BIRTH_DATE, t2.id, t2.FIRST_NAME, t2.LAST_NAME, t2.address, t2.city, t2.telephone, t3.id, t3.NAME FROM visits t0 INNER JOIN pets t1 ON t0.PET_ID = t1.id LEFT OUTER JOIN owners t2 ON t1.OWNER_ID = t2.id LEFT OUTER JOIN types t3 ON t1.TYPE_ID = t3.id WHERE t0.id = ? [params=(int) 3]
815  PetClinic  TRACE  [main] openjpa.jdbc.SQL - <t 561266676, conn 1018051067> [0 ms] spent
815  PetClinic  TRACE  [main] openjpa.jdbc.SQL - <t 561266676, conn 1018051067> executing prepstmnt 742328416 SELECT t1.id, t1.FIRST_NAME, t1.LAST_NAME, t1.address, t1.city, t1.telephone FROM pets t0 INNER JOIN owners t1 ON t0.OWNER_ID = t1.id WHERE t0.id = ? [params=(int) 8]
815  PetClinic  TRACE  [main] openjpa.jdbc.SQL - <t 561266676, conn 1018051067> [0 ms] spent
817  PetClinic  TRACE  [main] openjpa.jdbc.SQL - <t 561266676, conn 1018051067> executing prepstmnt 1968083245 SELECT t0.NAME, t0.BIRTH_DATE, t1.id, t1.FIRST_NAME, t1.LAST_NAME, t1.address, t1.city, t1.telephone, t2.id, t2.NAME, t3.PET_ID, t3.id, t3.VISIT_DATE, t3.description FROM pets t0 LEFT OUTER JOIN owners t1 ON t0.OWNER_ID = t1.id LEFT OUTER JOIN types t2 ON t0.TYPE_ID = t2.id LEFT OUTER JOIN visits t3 ON t0.id = t3.PET_ID WHERE t0.id = ? ORDER BY t3.PET_ID ASC [params=(int) 6]
817  PetClinic  TRACE  [main] openjpa.jdbc.SQL - <t 561266676, conn 1018051067> [0 ms] spent
818  PetClinic  TRACE  [main] openjpa.jdbc.SQL - <t 561266676, conn 1018051067> executing prepstmnt 2031967621 SELECT t0.id, t0.NAME, t0.BIRTH_DATE, t1.id, t1.NAME FROM pets t0 LEFT OUTER JOIN types t1 ON t0.TYPE_ID = t1.id WHERE t0.OWNER_ID = ? [params=(int) 5]
819  PetClinic  TRACE  [main] openjpa.jdbc.SQL - <t 561266676, conn 1018051067> [1 ms] spent
819  PetClinic  TRACE  [main] openjpa.jdbc.SQL - <t 561266676, conn 1018051067> executing prepstmnt 1994851553 SELECT t0.id, t1.id, t1.VISIT_DATE, t1.description FROM pets t0 INNER JOIN visits t1 ON t0.id = t1.PET_ID WHERE t0.OWNER_ID = ? ORDER BY t0.id ASC [params=(int) 5]
819  PetClinic  TRACE  [main] openjpa.jdbc.SQL - <t 561266676, conn 1018051067> [0 ms] spent
823  PetClinic  TRACE  [main] openjpa.jdbc.SQL - <t 561266676, conn 1018051067> executing prepstmnt 1911705832 SELECT t0.FIRST_NAME, t0.LAST_NAME, t0.address, t0.city, t0.telephone, t1.OWNER_ID, t1.id, t1.NAME, t1.BIRTH_DATE, t2.id, t2.NAME FROM owners t0 LEFT OUTER JOIN pets t1 ON t0.id = t1.OWNER_ID LEFT OUTER JOIN types t2 ON t1.TYPE_ID = t2.id WHERE t0.id = ? ORDER BY t1.OWNER_ID ASC [params=(int) 6]
824  PetClinic  TRACE  [main] openjpa.jdbc.SQL - <t 561266676, conn 1018051067> [0 ms] spent
825  PetClinic  TRACE  [main] openjpa.jdbc.SQL - <t 561266676, conn 1018051067> executing prepstmnt 1537075657 SELECT t0.id, t0.VISIT_DATE, t0.description FROM visits t0 WHERE t0.PET_ID = ? [params=(int) 7]
825  PetClinic  TRACE  [main] openjpa.jdbc.SQL - <t 561266676, conn 1018051067> [0 ms] spent
826  PetClinic  TRACE  [main] openjpa.jdbc.SQL - <t 561266676, conn 1018051067> executing prepstmnt 1549777436 SELECT t1.id, t1.NAME, t1.BIRTH_DATE, t2.id, t2.FIRST_NAME, t2.LAST_NAME, t2.address, t2.city, t2.telephone, t3.id, t3.NAME FROM visits t0 INNER JOIN pets t1 ON t0.PET_ID = t1.id LEFT OUTER JOIN owners t2 ON t1.OWNER_ID = t2.id LEFT OUTER JOIN types t3 ON t1.TYPE_ID = t3.id WHERE t0.id = ? [params=(int) 1]
826  PetClinic  TRACE  [main] openjpa.jdbc.SQL - <t 561266676, conn 1018051067> [0 ms] spent
828  PetClinic  TRACE  [main] openjpa.jdbc.SQL - <t 561266676, conn 1018051067> executing prepstmnt 97984052 SELECT t1.id, t1.NAME, t1.BIRTH_DATE, t2.id, t2.FIRST_NAME, t2.LAST_NAME, t2.address, t2.city, t2.telephone, t3.id, t3.NAME FROM visits t0 INNER JOIN pets t1 ON t0.PET_ID = t1.id LEFT OUTER JOIN owners t2 ON t1.OWNER_ID = t2.id LEFT OUTER JOIN types t3 ON t1.TYPE_ID = t3.id WHERE t0.id = ? [params=(int) 4]
828  PetClinic  TRACE  [main] openjpa.jdbc.SQL - <t 561266676, conn 1018051067> [0 ms] spent
829  PetClinic  TRACE  [main] openjpa.jdbc.SQL - <t 561266676, conn 1018051067> executing prepstmnt 389628459 SELECT t0.id, t0.VISIT_DATE, t0.description FROM visits t0 WHERE t0.PET_ID = ? [params=(int) 8]
829  PetClinic  TRACE  [main] openjpa.jdbc.SQL - <t 561266676, conn 1018051067> [0 ms] spent
830  PetClinic  TRACE  [main] openjpa.jdbc.SQL - <t 561266676, conn 1018051067> executing prepstmnt 807870710 SELECT t1.id, t1.NAME, t1.BIRTH_DATE, t2.id, t2.FIRST_NAME, t2.LAST_NAME, t2.address, t2.city, t2.telephone, t3.id, t3.NAME FROM visits t0 INNER JOIN pets t1 ON t0.PET_ID = t1.id LEFT OUTER JOIN owners t2 ON t1.OWNER_ID = t2.id LEFT OUTER JOIN types t3 ON t1.TYPE_ID = t3.id WHERE t0.id = ? [params=(int) 2]
830  PetClinic  TRACE  [main] openjpa.jdbc.SQL - <t 561266676, conn 1018051067> [0 ms] spent
831  PetClinic  TRACE  [main] openjpa.jdbc.SQL - <t 561266676, conn 1018051067> executing prepstmnt 642203468 SELECT t1.id, t1.NAME, t1.BIRTH_DATE, t2.id, t2.FIRST_NAME, t2.LAST_NAME, t2.address, t2.city, t2.telephone, t3.id, t3.NAME FROM visits t0 INNER JOIN pets t1 ON t0.PET_ID = t1.id LEFT OUTER JOIN owners t2 ON t1.OWNER_ID = t2.id LEFT OUTER JOIN types t3 ON t1.TYPE_ID = t3.id WHERE t0.id = ? [params=(int) 3]
832  PetClinic  TRACE  [main] openjpa.jdbc.SQL - <t 561266676, conn 1018051067> [1 ms] spent
835  PetClinic  TRACE  [main] openjpa.jdbc.SQL - <t 561266676, conn 1018051067> executing prepstmnt 686972809 SELECT t0.id, t0.NAME FROM types t0 ORDER BY t0.NAME ASC
835  PetClinic  TRACE  [main] openjpa.jdbc.SQL - <t 561266676, conn 1018051067> [0 ms] spent
838  PetClinic  TRACE  [main] openjpa.jdbc.SQL - <t 561266676, conn 1018051067> executing prepstmnt 594455793 INSERT INTO pets (NAME, BIRTH_DATE, OWNER_ID, TYPE_ID) VALUES (?, ?, ?, ?) [params=(String) bowser, (Date) 2012-01-01, (int) 6, (int) 2]
838  PetClinic  TRACE  [main] openjpa.jdbc.SQL - <t 561266676, conn 1018051067> [0 ms] spent
838  PetClinic  TRACE  [main] openjpa.jdbc.SQL - <t 561266676, conn 1018051067> executing prepstmnt 924587107 CALL IDENTITY()
838  PetClinic  TRACE  [main] openjpa.jdbc.SQL - <t 561266676, conn 1018051067> [0 ms] spent
842  PetClinic  TRACE  [main] openjpa.jdbc.SQL - <t 561266676, conn 1018051067> executing prepstmnt 1596223964 SELECT t0.NAME, t0.BIRTH_DATE, t1.id, t1.FIRST_NAME, t1.LAST_NAME, t1.address, t1.city, t1.telephone, t2.id, t2.NAME, t3.PET_ID, t3.id, t3.VISIT_DATE, t3.description FROM pets t0 LEFT OUTER JOIN owners t1 ON t0.OWNER_ID = t1.id LEFT OUTER JOIN types t2 ON t0.TYPE_ID = t2.id LEFT OUTER JOIN visits t3 ON t0.id = t3.PET_ID WHERE t0.id = ? ORDER BY t3.PET_ID ASC [params=(int) 7]
843  PetClinic  TRACE  [main] openjpa.jdbc.SQL - <t 561266676, conn 1018051067> [0 ms] spent
844  PetClinic  TRACE  [main] openjpa.jdbc.SQL - <t 561266676, conn 1018051067> executing prepstmnt 1370444624 SELECT t0.id, t0.NAME, t0.BIRTH_DATE, t1.id, t1.NAME FROM pets t0 LEFT OUTER JOIN types t1 ON t0.TYPE_ID = t1.id WHERE t0.OWNER_ID = ? [params=(int) 6]
844  PetClinic  TRACE  [main] openjpa.jdbc.SQL - <t 561266676, conn 1018051067> [0 ms] spent
844  PetClinic  TRACE  [main] openjpa.jdbc.SQL - <t 561266676, conn 1018051067> executing prepstmnt 1300681493 SELECT t0.id, t1.id, t1.VISIT_DATE, t1.description FROM pets t0 INNER JOIN visits t1 ON t0.id = t1.PET_ID WHERE t0.OWNER_ID = ? ORDER BY t0.id ASC [params=(int) 6]
844  PetClinic  TRACE  [main] openjpa.jdbc.SQL - <t 561266676, conn 1018051067> [0 ms] spent
846  PetClinic  TRACE  [main] openjpa.jdbc.SQL - <t 561266676, conn 1018051067> executing prepstmnt 1434457155 SELECT t1.id, t1.NAME, t1.BIRTH_DATE, t2.id, t2.FIRST_NAME, t2.LAST_NAME, t2.address, t2.city, t2.telephone, t3.id, t3.NAME FROM visits t0 INNER JOIN pets t1 ON t0.PET_ID = t1.id LEFT OUTER JOIN owners t2 ON t1.OWNER_ID = t2.id LEFT OUTER JOIN types t3 ON t1.TYPE_ID = t3.id WHERE t0.id = ? [params=(int) 1]
846  PetClinic  TRACE  [main] openjpa.jdbc.SQL - <t 561266676, conn 1018051067> [0 ms] spent
847  PetClinic  TRACE  [main] openjpa.jdbc.SQL - <t 561266676, conn 1018051067> executing prepstmnt 762010908 SELECT t1.id, t1.NAME, t1.BIRTH_DATE, t2.id, t2.FIRST_NAME, t2.LAST_NAME, t2.address, t2.city, t2.telephone, t3.id, t3.NAME FROM visits t0 INNER JOIN pets t1 ON t0.PET_ID = t1.id LEFT OUTER JOIN owners t2 ON t1.OWNER_ID = t2.id LEFT OUTER JOIN types t3 ON t1.TYPE_ID = t3.id WHERE t0.id = ? [params=(int) 4]
847  PetClinic  TRACE  [main] openjpa.jdbc.SQL - <t 561266676, conn 1018051067> [0 ms] spent
849  PetClinic  TRACE  [main] openjpa.jdbc.SQL - <t 561266676, conn 1018051067> executing prepstmnt 814509929 SELECT t1.id, t1.NAME, t1.BIRTH_DATE, t2.id, t2.FIRST_NAME, t2.LAST_NAME, t2.address, t2.city, t2.telephone, t3.id, t3.NAME FROM visits t0 INNER JOIN pets t1 ON t0.PET_ID = t1.id LEFT OUTER JOIN owners t2 ON t1.OWNER_ID = t2.id LEFT OUTER JOIN types t3 ON t1.TYPE_ID = t3.id WHERE t0.id = ? [params=(int) 2]
849  PetClinic  TRACE  [main] openjpa.jdbc.SQL - <t 561266676, conn 1018051067> [0 ms] spent
851  PetClinic  TRACE  [main] openjpa.jdbc.SQL - <t 561266676, conn 1018051067> executing prepstmnt 1033599723 SELECT t1.id, t1.NAME, t1.BIRTH_DATE, t2.id, t2.FIRST_NAME, t2.LAST_NAME, t2.address, t2.city, t2.telephone, t3.id, t3.NAME FROM visits t0 INNER JOIN pets t1 ON t0.PET_ID = t1.id LEFT OUTER JOIN owners t2 ON t1.OWNER_ID = t2.id LEFT OUTER JOIN types t3 ON t1.TYPE_ID = t3.id WHERE t0.id = ? [params=(int) 3]
851  PetClinic  TRACE  [main] openjpa.jdbc.SQL - <t 561266676, conn 1018051067> [0 ms] spent
851  PetClinic  TRACE  [main] openjpa.jdbc.SQL - <t 561266676, conn 1018051067> executing prepstmnt 834961640 SELECT t1.id, t1.FIRST_NAME, t1.LAST_NAME, t1.address, t1.city, t1.telephone FROM pets t0 INNER JOIN owners t1 ON t0.OWNER_ID = t1.id WHERE t0.id = ? [params=(int) 8]
851  PetClinic  TRACE  [main] openjpa.jdbc.SQL - <t 561266676, conn 1018051067> [0 ms] spent
852  PetClinic  TRACE  [main] openjpa.jdbc.SQL - <t 561266676, conn 1018051067> executing prepstmnt 27258747 UPDATE pets SET NAME = ? WHERE id = ? [params=(String) SamanthaX, (int) 7]
853  PetClinic  TRACE  [main] openjpa.jdbc.SQL - <t 561266676, conn 1018051067> [1 ms] spent
856  PetClinic  TRACE  [main] openjpa.jdbc.SQL - <t 561266676, conn 1018051067> executing prepstmnt 136243393 SELECT t0.NAME, t0.BIRTH_DATE, t1.id, t1.FIRST_NAME, t1.LAST_NAME, t1.address, t1.city, t1.telephone, t2.id, t2.NAME, t3.PET_ID, t3.id, t3.VISIT_DATE, t3.description FROM pets t0 LEFT OUTER JOIN owners t1 ON t0.OWNER_ID = t1.id LEFT OUTER JOIN types t2 ON t0.TYPE_ID = t2.id LEFT OUTER JOIN visits t3 ON t0.id = t3.PET_ID WHERE t0.id = ? ORDER BY t3.PET_ID ASC [params=(int) 7]
857  PetClinic  TRACE  [main] openjpa.jdbc.SQL - <t 561266676, conn 1018051067> [1 ms] spent
858  PetClinic  TRACE  [main] openjpa.jdbc.SQL - <t 561266676, conn 1018051067> executing prepstmnt 625138449 SELECT t0.id, t0.NAME, t0.BIRTH_DATE, t1.id, t1.NAME FROM pets t0 LEFT OUTER JOIN types t1 ON t0.TYPE_ID = t1.id WHERE t0.OWNER_ID = ? [params=(int) 6]
858  PetClinic  TRACE  [main] openjpa.jdbc.SQL - <t 561266676, conn 1018051067> [0 ms] spent
858  PetClinic  TRACE  [main] openjpa.jdbc.SQL - <t 561266676, conn 1018051067> executing prepstmnt 1211911219 SELECT t0.id, t1.id, t1.VISIT_DATE, t1.description FROM pets t0 INNER JOIN visits t1 ON t0.id = t1.PET_ID WHERE t0.OWNER_ID = ? ORDER BY t0.id ASC [params=(int) 6]
858  PetClinic  TRACE  [main] openjpa.jdbc.SQL - <t 561266676, conn 1018051067> [0 ms] spent
860  PetClinic  TRACE  [main] openjpa.jdbc.SQL - <t 561266676, conn 1018051067> executing prepstmnt 371833244 SELECT t1.id, t1.NAME, t1.BIRTH_DATE, t2.id, t2.FIRST_NAME, t2.LAST_NAME, t2.address, t2.city, t2.telephone, t3.id, t3.NAME FROM visits t0 INNER JOIN pets t1 ON t0.PET_ID = t1.id LEFT OUTER JOIN owners t2 ON t1.OWNER_ID = t2.id LEFT OUTER JOIN types t3 ON t1.TYPE_ID = t3.id WHERE t0.id = ? [params=(int) 1]
860  PetClinic  TRACE  [main] openjpa.jdbc.SQL - <t 561266676, conn 1018051067> [0 ms] spent
861  PetClinic  TRACE  [main] openjpa.jdbc.SQL - <t 561266676, conn 1018051067> executing prepstmnt 1017602822 SELECT t1.id, t1.NAME, t1.BIRTH_DATE, t2.id, t2.FIRST_NAME, t2.LAST_NAME, t2.address, t2.city, t2.telephone, t3.id, t3.NAME FROM visits t0 INNER JOIN pets t1 ON t0.PET_ID = t1.id LEFT OUTER JOIN owners t2 ON t1.OWNER_ID = t2.id LEFT OUTER JOIN types t3 ON t1.TYPE_ID = t3.id WHERE t0.id = ? [params=(int) 4]
862  PetClinic  TRACE  [main] openjpa.jdbc.SQL - <t 561266676, conn 1018051067> [1 ms] spent
863  PetClinic  TRACE  [main] openjpa.jdbc.SQL - <t 561266676, conn 1018051067> executing prepstmnt 889324750 SELECT t1.id, t1.NAME, t1.BIRTH_DATE, t2.id, t2.FIRST_NAME, t2.LAST_NAME, t2.address, t2.city, t2.telephone, t3.id, t3.NAME FROM visits t0 INNER JOIN pets t1 ON t0.PET_ID = t1.id LEFT OUTER JOIN owners t2 ON t1.OWNER_ID = t2.id LEFT OUTER JOIN types t3 ON t1.TYPE_ID = t3.id WHERE t0.id = ? [params=(int) 2]
863  PetClinic  TRACE  [main] openjpa.jdbc.SQL - <t 561266676, conn 1018051067> [0 ms] spent
865  PetClinic  TRACE  [main] openjpa.jdbc.SQL - <t 561266676, conn 1018051067> executing prepstmnt 1193945680 SELECT t1.id, t1.NAME, t1.BIRTH_DATE, t2.id, t2.FIRST_NAME, t2.LAST_NAME, t2.address, t2.city, t2.telephone, t3.id, t3.NAME FROM visits t0 INNER JOIN pets t1 ON t0.PET_ID = t1.id LEFT OUTER JOIN owners t2 ON t1.OWNER_ID = t2.id LEFT OUTER JOIN types t3 ON t1.TYPE_ID = t3.id WHERE t0.id = ? [params=(int) 3]
865  PetClinic  TRACE  [main] openjpa.jdbc.SQL - <t 561266676, conn 1018051067> [0 ms] spent
865  PetClinic  TRACE  [main] openjpa.jdbc.SQL - <t 561266676, conn 1018051067> executing prepstmnt 1954829789 SELECT t1.id, t1.FIRST_NAME, t1.LAST_NAME, t1.address, t1.city, t1.telephone FROM pets t0 INNER JOIN owners t1 ON t0.OWNER_ID = t1.id WHERE t0.id = ? [params=(int) 8]
866  PetClinic  TRACE  [main] openjpa.jdbc.SQL - <t 561266676, conn 1018051067> [0 ms] spent
869  PetClinic  TRACE  [main] openjpa.jdbc.SQL - <t 561266676, conn 1018051067> executing prepstmnt 505175505 INSERT INTO visits (VISIT_DATE, description, PET_ID) VALUES (?, ?, ?) [params=(Date) 2012-01-01, (String) test, (int) 7]
869  PetClinic  TRACE  [main] openjpa.jdbc.SQL - <t 561266676, conn 1018051067> [0 ms] spent
869  PetClinic  TRACE  [main] openjpa.jdbc.SQL - <t 561266676, conn 1018051067> executing prepstmnt 1481855944 CALL IDENTITY()
869  PetClinic  TRACE  [main] openjpa.jdbc.SQL - <t 561266676, conn 1018051067> [0 ms] spent
]]></system-err>
</testsuite>
