<?xml version="1.0" encoding="UTF-8" ?>
<testsuite failures="0" time="5.814" errors="0" skipped="0" tests="13" name="org.springframework.samples.petclinic.jpa.EntityManagerClinicTests">
  <properties>
[...]
</properties>
  <testcase time="4.995" classname="org.springframework.samples.petclinic.jpa.EntityManagerClinicTests" name="testUsageLogAspectIsInvoked"/>
  <testcase time="0.018" classname="org.springframework.samples.petclinic.jpa.EntityManagerClinicTests" name="testBogusJpql"/>
  <testcase time="0.008" classname="org.springframework.samples.petclinic.jpa.EntityManagerClinicTests" name="testApplicationManaged"/>
  <testcase time="0.067" classname="org.springframework.samples.petclinic.jpa.EntityManagerClinicTests" name="testGetVets"/>
  <testcase time="0.007" classname="org.springframework.samples.petclinic.jpa.EntityManagerClinicTests" name="testGetPetTypes"/>
  <testcase time="0.245" classname="org.springframework.samples.petclinic.jpa.EntityManagerClinicTests" name="testFindOwners"/>
  <testcase time="0.025" classname="org.springframework.samples.petclinic.jpa.EntityManagerClinicTests" name="testLoadOwner"/>
  <testcase time="0.025" classname="org.springframework.samples.petclinic.jpa.EntityManagerClinicTests" name="testInsertOwner"/>
  <testcase time="0.023" classname="org.springframework.samples.petclinic.jpa.EntityManagerClinicTests" name="testUpdateOwner"/>
  <testcase time="0.031" classname="org.springframework.samples.petclinic.jpa.EntityManagerClinicTests" name="testLoadPet"/>
  <testcase time="0.113" classname="org.springframework.samples.petclinic.jpa.EntityManagerClinicTests" name="testInsertPet"/>
  <testcase time="0.023" classname="org.springframework.samples.petclinic.jpa.EntityManagerClinicTests" name="testUpdatePet"/>
  <testcase time="0.019" classname="org.springframework.samples.petclinic.jpa.EntityManagerClinicTests" name="testInsertVisit"/>
</testsuite>